Determining if the pthread_create exist failed with the following output:
Change Dir: /home/alrekr/git/uav_locator/build/CMakeFiles/CMakeTmp

Run Build Command:"/usr/bin/make" "cmTryCompileExec1394326418/fast"
/usr/bin/make -f CMakeFiles/cmTryCompileExec1394326418.dir/build.make CMakeFiles/cmTryCompileExec1394326418.dir/build
make[1]: Entering directory `/home/alrekr/git/uav_locator/build/CMakeFiles/CMakeTmp'
/opt/cmake-3.2.1-Linux-x86_64/bin/cmake -E cmake_progress_report /home/alrekr/git/uav_locator/build/CMakeFiles/CMakeTmp/CMakeFiles 1
Building C object CMakeFiles/cmTryCompileExec1394326418.dir/CheckSymbolExists.c.o
/usr/bin/cc    -o CMakeFiles/cmTryCompileExec1394326418.dir/CheckSymbolExists.c.o   -c /home/alrekr/git/uav_locator/build/CMakeFiles/CMakeTmp/CheckSymbolExists.c
Linking C executable cmTryCompileExec1394326418
/opt/cmake-3.2.1-Linux-x86_64/bin/cmake -E cmake_link_script CMakeFiles/cmTryCompileExec1394326418.dir/link.txt --verbose=1
/usr/bin/cc       CMakeFiles/cmTryCompileExec1394326418.dir/CheckSymbolExists.c.o  -o cmTryCompileExec1394326418 -rdynamic 
CMakeFiles/cmTryCompileExec1394326418.dir/CheckSymbolExists.c.o: In function `main':
CheckSymbolExists.c:(.text+0x16): undefined reference to `pthread_create'
collect2: error: ld returned 1 exit status
make[1]: *** [cmTryCompileExec1394326418] Error 1
make[1]: Leaving directory `/home/alrekr/git/uav_locator/build/CMakeFiles/CMakeTmp'
make: *** [cmTryCompileExec1394326418/fast] Error 2

File /home/alrekr/git/uav_locator/build/CMakeFiles/CMakeTmp/CheckSymbolExists.c:
/* */
#include <pthread.h>

int main(int argc, char** argv)
{
  (void)argv;
#ifndef pthread_create
  return ((int*)(&pthread_create))[argc];
#else
  (void)argc;
  return 0;
#endif
}

Determining if the function pthread_create exists in the pthreads failed with the following output:
Change Dir: /home/alrekr/git/uav_locator/build/CMakeFiles/CMakeTmp

Run Build Command:"/usr/bin/make" "cmTryCompileExec2434186208/fast"
/usr/bin/make -f CMakeFiles/cmTryCompileExec2434186208.dir/build.make CMakeFiles/cmTryCompileExec2434186208.dir/build
make[1]: Entering directory `/home/alrekr/git/uav_locator/build/CMakeFiles/CMakeTmp'
/opt/cmake-3.2.1-Linux-x86_64/bin/cmake -E cmake_progress_report /home/alrekr/git/uav_locator/build/CMakeFiles/CMakeTmp/CMakeFiles 1
Building C object CMakeFiles/cmTryCompileExec2434186208.dir/CheckFunctionExists.c.o
/usr/bin/cc   -DCHECK_FUNCTION_EXISTS=pthread_create   -o CMakeFiles/cmTryCompileExec2434186208.dir/CheckFunctionExists.c.o   -c /opt/cmake-3.2.1-Linux-x86_64/share/cmake-3.2/Modules/CheckFunctionExists.c
Linking C executable cmTryCompileExec2434186208
/opt/cmake-3.2.1-Linux-x86_64/bin/cmake -E cmake_link_script CMakeFiles/cmTryCompileExec2434186208.dir/link.txt --verbose=1
/usr/bin/cc   -DCHECK_FUNCTION_EXISTS=pthread_create    CMakeFiles/cmTryCompileExec2434186208.dir/CheckFunctionExists.c.o  -o cmTryCompileExec2434186208 -rdynamic -lpthreads 
/usr/bin/ld: cannot find -lpthreads
collect2: error: ld returned 1 exit status
make[1]: *** [cmTryCompileExec2434186208] Error 1
make[1]: Leaving directory `/home/alrekr/git/uav_locator/build/CMakeFiles/CMakeTmp'
make: *** [cmTryCompileExec2434186208/fast] Error 2


